Command line:
   data_tb_isim_beh.exe
     -simmode  gui
     -simrunnum  0
     -socket  56962

Mon Aug 07 11:47:57 2017


 Elaboration Time: 0.1248 sec

 Current Memory Usage: 1323.14 Meg

 Total Signals          : 72
 Total Nets             : 376
 Total Signal Drivers   : 53
 Total Blocks           : 7
 Total Primitive Blocks : 4
 Total Processes        : 97
 Total Traceable Variables  : 65
 Total Scalar Nets and Variables : 812
Total Line Count : 412

 Total Simulation Time: 1.27921 sec

 Current Memory Usage: 693.965 Meg

Mon Aug 07 14:12:21 2017

